<?xml version="1.0" encoding="UTF-8"?>
<testng-results skipped="0" failed="0" ignored="0" total="1" passed="1">
  <reporter-output>
    <line>
      <![CDATA[Doc_256 added]]>
    </line>
  </reporter-output>
  <suite name="Suite" duration-ms="82095" started-at="2022-05-31T04:37:16Z" finished-at="2022-05-31T04:38:38Z">
    <groups>
      <group name="regression">
        <method signature="CreateDocumentTest.createDocumentTest()[pri:0, instance:com.vtiger.documentsTest.CreateDocumentTest@52eacb4b]" name="createDocumentTest" class="com.vtiger.documentsTest.CreateDocumentTest"/>
      </group> <!-- regression -->
      <group name="sanity">
        <method signature="CreateDocumentTest.createDocumentTest()[pri:0, instance:com.vtiger.documentsTest.CreateDocumentTest@52eacb4b]" name="createDocumentTest" class="com.vtiger.documentsTest.CreateDocumentTest"/>
      </group> <!-- sanity -->
    </groups>
    <test name="Test" duration-ms="82095" started-at="2022-05-31T04:37:16Z" finished-at="2022-05-31T04:38:38Z">
      <class name="com.vtiger.documentsTest.CreateDocumentTest">
        <test-method status="PASS" signature="beforesuitTest()[pri:0, instance:com.vtiger.documentsTest.CreateDocumentTest@52eacb4b]" name="beforesuitTest" is-config="true" duration-ms="2486" started-at="2022-05-31T04:37:14Z" finished-at="2022-05-31T04:37:16Z">
          <reporter-output>
          </reporter-output>
        </test-method> <!-- beforesuitTest -->
        <test-method status="PASS" signature="beforeclassTest()[pri:0, instance:com.vtiger.documentsTest.CreateDocumentTest@52eacb4b]" name="beforeclassTest" is-config="true" duration-ms="15369" started-at="2022-05-31T04:37:17Z" finished-at="2022-05-31T04:37:32Z">
          <reporter-output>
          </reporter-output>
        </test-method> <!-- beforeclassTest -->
        <test-method status="PASS" signature="beforemethodTest()[pri:0, instance:com.vtiger.documentsTest.CreateDocumentTest@52eacb4b]" name="beforemethodTest" is-config="true" duration-ms="18762" started-at="2022-05-31T04:37:32Z" finished-at="2022-05-31T04:37:51Z">
          <reporter-output>
          </reporter-output>
        </test-method> <!-- beforemethodTest -->
        <test-method status="PASS" signature="createDocumentTest()[pri:0, instance:com.vtiger.documentsTest.CreateDocumentTest@52eacb4b]" name="createDocumentTest" duration-ms="41584" started-at="2022-05-31T04:37:52Z" finished-at="2022-05-31T04:38:34Z">
          <reporter-output>
            <line>
              <![CDATA[Doc_256 added]]>
            </line>
          </reporter-output>
        </test-method> <!-- createDocumentTest -->
        <test-method status="PASS" signature="aftermethodTest()[pri:0, instance:com.vtiger.documentsTest.CreateDocumentTest@52eacb4b]" name="aftermethodTest" is-config="true" duration-ms="3295" started-at="2022-05-31T04:38:34Z" finished-at="2022-05-31T04:38:37Z">
          <reporter-output>
          </reporter-output>
        </test-method> <!-- aftermethodTest -->
        <test-method status="PASS" signature="afterclassTest()[pri:0, instance:com.vtiger.documentsTest.CreateDocumentTest@52eacb4b]" name="afterclassTest" is-config="true" duration-ms="916" started-at="2022-05-31T04:38:37Z" finished-at="2022-05-31T04:38:38Z">
          <reporter-output>
          </reporter-output>
        </test-method> <!-- afterclassTest -->
        <test-method status="PASS" signature="aftersuiteTest()[pri:0, instance:com.vtiger.documentsTest.CreateDocumentTest@52eacb4b]" name="aftersuiteTest" is-config="true" duration-ms="2" started-at="2022-05-31T04:38:39Z" finished-at="2022-05-31T04:38:39Z">
          <reporter-output>
          </reporter-output>
        </test-method> <!-- aftersuiteTest -->
      </class> <!-- com.vtiger.documentsTest.CreateDocumentTest -->
    </test> <!-- Test -->
  </suite> <!-- Suite -->
</testng-results>
